2026-04-27 09:37:32,253 - __main__ - INFO - ============================================================
2026-04-27 09:37:32,253 - __main__ - INFO - Starting Agendino Auto-Commit Service
2026-04-27 09:37:32,254 - __main__ - INFO - Repository: /opt/agendino
2026-04-27 09:37:32,254 - __main__ - INFO - Branch: master
2026-04-27 09:37:32,254 - __main__ - INFO - Commit interval: every 2 hours
2026-04-27 09:37:32,254 - __main__ - INFO - ============================================================
2026-04-27 09:37:32,262 - __main__ - INFO - Running initial commit check...
2026-04-27 09:37:32,262 - __main__ - INFO - Checking for changes...
2026-04-27 09:37:32,351 - __main__ - INFO - Adding changes to staging area...
2026-04-27 09:37:32,616 - __main__ - INFO - Committing: Auto-commit: 18 modified files (2026-04-27 09:37:32)
[master 933cba9d] Auto-commit: 18 modified files (2026-04-27 09:37:32)
 18 files changed, 425 insertions(+), 7 deletions(-)
 create mode 100644 auto_commit.pid
 create mode 100644 auto_commit_service.log
 create mode 100644 server.log
 create mode 100644 src/models/dto/CreateManualActionItemDTO.py
 create mode 100644 src/models/dto/__pycache__/CreateManualActionItemDTO.cpython-312.pyc
 create mode 100755 start_autocommit.sh
 create mode 100755 status_autocommit.sh
 create mode 100755 stop_autocommit.sh
2026-04-27 09:37:32,882 - __main__ - INFO - Pushing to origin/master...
To https://github.com/trentloyd/agendino-fork.git
   85d88e75..933cba9d  master -> master
2026-04-27 09:37:34,050 - __main__ - INFO - ✅ Successfully committed and pushed changes
2026-04-27 11:37:34,076 - __main__ - INFO - Checking for changes...
2026-04-27 11:37:34,187 - __main__ - INFO - Adding changes to staging area...
2026-04-27 11:37:34,395 - __main__ - INFO - Committing: Auto-commit: 2 modified files (2026-04-27 11:37:34)
[master f5cde76b] Auto-commit: 2 modified files (2026-04-27 11:37:34)
 2 files changed, 22 insertions(+)
2026-04-27 11:37:34,511 - __main__ - INFO - Pushing to origin/master...
To https://github.com/trentloyd/agendino-fork.git
   933cba9d..f5cde76b  master -> master
2026-04-27 11:37:35,529 - __main__ - INFO - ✅ Successfully committed and pushed changes
2026-04-27 13:37:35,555 - __main__ - INFO - Checking for changes...
2026-04-27 13:37:35,669 - __main__ - INFO - Adding changes to staging area...
2026-04-27 13:37:35,883 - __main__ - INFO - Committing: Auto-commit: 2 modified files (2026-04-27 13:37:35)
[master bae0f7fb] Auto-commit: 2 modified files (2026-04-27 13:37:35)
 2 files changed, 14 insertions(+)
2026-04-27 13:37:35,949 - __main__ - INFO - Pushing to origin/master...
To https://github.com/trentloyd/agendino-fork.git
   f5cde76b..bae0f7fb  master -> master
2026-04-27 13:37:37,118 - __main__ - INFO - ✅ Successfully committed and pushed changes
2026-04-27 15:37:37,145 - __main__ - INFO - Checking for changes...
2026-04-27 15:37:37,258 - __main__ - INFO - Adding changes to staging area...
