2026-04-24 11:09:52,298 - __main__ - INFO - ============================================================
2026-04-24 11:09:52,298 - __main__ - INFO - Starting Agendino Auto-Commit Service
2026-04-24 11:09:52,298 - __main__ - INFO - Repository: /opt/agendino
2026-04-24 11:09:52,298 - __main__ - INFO - Branch: master
2026-04-24 11:09:52,298 - __main__ - INFO - Commit interval: every 2 hours
2026-04-24 11:09:52,299 - __main__ - INFO - ============================================================
2026-04-24 11:09:52,306 - __main__ - INFO - Running initial commit check...
2026-04-24 11:09:52,306 - __main__ - INFO - Checking for changes...
2026-04-24 11:09:52,388 - __main__ - INFO - Adding changes to staging area...
2026-04-24 11:09:52,669 - __main__ - INFO - Committing: Auto-commit: 13 modified files (2026-04-24 11:09:52)
2026-04-24 11:09:52,734 - __main__ - INFO - Pushing to origin/master...
2026-04-24 11:09:53,602 - __main__ - INFO - ✅ Successfully committed and pushed changes
2026-04-27 09:37:32,253 - __main__ - INFO - ============================================================
2026-04-27 09:37:32,253 - __main__ - INFO - Starting Agendino Auto-Commit Service
2026-04-27 09:37:32,254 - __main__ - INFO - Repository: /opt/agendino
2026-04-27 09:37:32,254 - __main__ - INFO - Branch: master
2026-04-27 09:37:32,254 - __main__ - INFO - Commit interval: every 2 hours
2026-04-27 09:37:32,254 - __main__ - INFO - ============================================================
2026-04-27 09:37:32,262 - __main__ - INFO - Running initial commit check...
2026-04-27 09:37:32,262 - __main__ - INFO - Checking for changes...
2026-04-27 09:37:32,351 - __main__ - INFO - Adding changes to staging area...
2026-04-27 09:37:32,616 - __main__ - INFO - Committing: Auto-commit: 18 modified files (2026-04-27 09:37:32)
2026-04-27 09:37:32,882 - __main__ - INFO - Pushing to origin/master...
2026-04-27 09:37:34,050 - __main__ - INFO - ✅ Successfully committed and pushed changes
2026-04-27 11:37:34,076 - __main__ - INFO - Checking for changes...
2026-04-27 11:37:34,187 - __main__ - INFO - Adding changes to staging area...
2026-04-27 11:37:34,395 - __main__ - INFO - Committing: Auto-commit: 2 modified files (2026-04-27 11:37:34)
2026-04-27 11:37:34,511 - __main__ - INFO - Pushing to origin/master...
2026-04-27 11:37:35,529 - __main__ - INFO - ✅ Successfully committed and pushed changes
2026-04-27 13:37:35,555 - __main__ - INFO - Checking for changes...
2026-04-27 13:37:35,669 - __main__ - INFO - Adding changes to staging area...
2026-04-27 13:37:35,883 - __main__ - INFO - Committing: Auto-commit: 2 modified files (2026-04-27 13:37:35)
2026-04-27 13:37:35,949 - __main__ - INFO - Pushing to origin/master...
2026-04-27 13:37:37,118 - __main__ - INFO - ✅ Successfully committed and pushed changes
2026-04-27 15:37:37,145 - __main__ - INFO - Checking for changes...
2026-04-27 15:37:37,258 - __main__ - INFO - Adding changes to staging area...
2026-04-27 15:37:37,466 - __main__ - INFO - Committing: Auto-commit: 2 modified files (2026-04-27 15:37:37)
2026-04-27 15:37:37,533 - __main__ - INFO - Pushing to origin/master...
2026-04-27 15:37:38,501 - __main__ - INFO - ✅ Successfully committed and pushed changes
2026-04-27 17:37:38,528 - __main__ - INFO - Checking for changes...
2026-04-27 17:37:38,641 - __main__ - INFO - Adding changes to staging area...
2026-04-27 17:37:38,848 - __main__ - INFO - Committing: Auto-commit: 2 modified files (2026-04-27 17:37:38)
2026-04-27 17:37:38,918 - __main__ - INFO - Pushing to origin/master...
2026-04-27 17:37:39,836 - __main__ - INFO - ✅ Successfully committed and pushed changes
2026-04-27 19:37:39,863 - __main__ - INFO - Checking for changes...
2026-04-27 19:37:39,983 - __main__ - INFO - Adding changes to staging area...
2026-04-27 19:37:40,199 - __main__ - INFO - Committing: Auto-commit: 2 modified files (2026-04-27 19:37:40)
2026-04-27 19:37:40,266 - __main__ - INFO - Pushing to origin/master...
2026-04-27 19:37:41,134 - __main__ - INFO - ✅ Successfully committed and pushed changes
2026-04-27 21:37:41,160 - __main__ - INFO - Checking for changes...
2026-04-27 21:37:41,251 - __main__ - INFO - Adding changes to staging area...
2026-04-27 21:37:41,454 - __main__ - INFO - Committing: Auto-commit: 2 modified files (2026-04-27 21:37:41)
2026-04-27 21:37:41,523 - __main__ - INFO - Pushing to origin/master...
2026-04-27 21:37:42,391 - __main__ - INFO - ✅ Successfully committed and pushed changes
2026-04-27 23:37:42,417 - __main__ - INFO - Checking for changes...
2026-04-27 23:37:42,536 - __main__ - INFO - Adding changes to staging area...
2026-04-27 23:37:42,749 - __main__ - INFO - Committing: Auto-commit: 2 modified files (2026-04-27 23:37:42)
2026-04-27 23:37:42,865 - __main__ - INFO - Pushing to origin/master...
2026-04-27 23:37:43,732 - __main__ - INFO - ✅ Successfully committed and pushed changes
2026-04-28 01:37:43,758 - __main__ - INFO - Checking for changes...
2026-04-28 01:37:43,875 - __main__ - INFO - Adding changes to staging area...
2026-04-28 01:37:44,141 - __main__ - INFO - Committing: Auto-commit: 2 modified files (2026-04-28 01:37:44)
2026-04-28 01:37:44,208 - __main__ - INFO - Pushing to origin/master...
2026-04-28 01:37:45,026 - __main__ - INFO - ✅ Successfully committed and pushed changes
2026-04-28 03:37:45,053 - __main__ - INFO - Checking for changes...
2026-04-28 03:37:45,146 - __main__ - INFO - Adding changes to staging area...
2026-04-28 03:37:45,359 - __main__ - INFO - Committing: Auto-commit: 2 modified files (2026-04-28 03:37:45)
2026-04-28 03:37:45,425 - __main__ - INFO - Pushing to origin/master...
2026-04-28 03:37:46,343 - __main__ - INFO - ✅ Successfully committed and pushed changes
2026-04-28 05:37:46,370 - __main__ - INFO - Checking for changes...
2026-04-28 05:37:46,484 - __main__ - INFO - Adding changes to staging area...
